Determining if the pthread_create exist failed with the following output:
Change Dir: /home/lkit/Downloads/ogl-OpenGL-tutorial_0015_33-build/CMakeFiles/CMakeTmp

Run Build Command:"/usr/bin/make" "cmTC_c9c53/fast"
/usr/bin/make -f CMakeFiles/cmTC_c9c53.dir/build.make CMakeFiles/cmTC_c9c53.dir/build
make[1]: Entering directory '/home/lkit/Downloads/ogl-OpenGL-tutorial_0015_33-build/CMakeFiles/CMakeTmp'
Building C object CMakeFiles/cmTC_c9c53.dir/CheckSymbolExists.c.o
/usr/bin/cc     -o CMakeFiles/cmTC_c9c53.dir/CheckSymbolExists.c.o   -c /home/lkit/Downloads/ogl-OpenGL-tutorial_0015_33-build/CMakeFiles/CMakeTmp/CheckSymbolExists.c
Linking C executable cmTC_c9c53
/usr/bin/cmake -E cmake_link_script CMakeFiles/cmTC_c9c53.dir/link.txt --verbose=1
/usr/bin/cc       CMakeFiles/cmTC_c9c53.dir/CheckSymbolExists.c.o  -o cmTC_c9c53 -rdynamic 
CMakeFiles/cmTC_c9c53.dir/CheckSymbolExists.c.o: In function `main':
CheckSymbolExists.c:(.text+0x16): undefined reference to `pthread_create'
collect2: error: ld returned 1 exit status
CMakeFiles/cmTC_c9c53.dir/build.make:97: recipe for target 'cmTC_c9c53' failed
make[1]: *** [cmTC_c9c53] Error 1
make[1]: Leaving directory '/home/lkit/Downloads/ogl-OpenGL-tutorial_0015_33-build/CMakeFiles/CMakeTmp'
Makefile:126: recipe for target 'cmTC_c9c53/fast' failed
make: *** [cmTC_c9c53/fast] Error 2

File /home/lkit/Downloads/ogl-OpenGL-tutorial_0015_33-build/CMakeFiles/CMakeTmp/CheckSymbolExists.c:
/* */
#include <pthread.h>

int main(int argc, char** argv)
{
  (void)argv;
#ifndef pthread_create
  return ((int*)(&pthread_create))[argc];
#else
  (void)argc;
  return 0;
#endif
}

Determining if the function pthread_create exists in the pthreads failed with the following output:
Change Dir: /home/lkit/Downloads/ogl-OpenGL-tutorial_0015_33-build/CMakeFiles/CMakeTmp

Run Build Command:"/usr/bin/make" "cmTC_5d4a8/fast"
/usr/bin/make -f CMakeFiles/cmTC_5d4a8.dir/build.make CMakeFiles/cmTC_5d4a8.dir/build
make[1]: Entering directory '/home/lkit/Downloads/ogl-OpenGL-tutorial_0015_33-build/CMakeFiles/CMakeTmp'
Building C object CMakeFiles/cmTC_5d4a8.dir/CheckFunctionExists.c.o
/usr/bin/cc    -DCHECK_FUNCTION_EXISTS=pthread_create   -o CMakeFiles/cmTC_5d4a8.dir/CheckFunctionExists.c.o   -c /usr/share/cmake-3.5/Modules/CheckFunctionExists.c
Linking C executable cmTC_5d4a8
/usr/bin/cmake -E cmake_link_script CMakeFiles/cmTC_5d4a8.dir/link.txt --verbose=1
/usr/bin/cc   -DCHECK_FUNCTION_EXISTS=pthread_create    CMakeFiles/cmTC_5d4a8.dir/CheckFunctionExists.c.o  -o cmTC_5d4a8 -rdynamic -lpthreads 
/usr/bin/ld: cannot find -lpthreads
collect2: error: ld returned 1 exit status
CMakeFiles/cmTC_5d4a8.dir/build.make:97: recipe for target 'cmTC_5d4a8' failed
make[1]: *** [cmTC_5d4a8] Error 1
make[1]: Leaving directory '/home/lkit/Downloads/ogl-OpenGL-tutorial_0015_33-build/CMakeFiles/CMakeTmp'
Makefile:126: recipe for target 'cmTC_5d4a8/fast' failed
make: *** [cmTC_5d4a8/fast] Error 2


